~/workspace/openshift/kubeflow/kubeflow/openshift/ks_app ~/workspace/openshift/kubeflow/kubeflow/openshift
namespace kubeflow already exists
~/workspace/openshift/kubeflow/kubeflow/openshift/ks_app ~/workspace/openshift/kubeflow/kubeflow/openshift/ks_app ~/workspace/openshift/kubeflow/kubeflow/openshift
~/workspace/openshift/kubeflow/kubeflow/openshift/ks_app ~/workspace/openshift/kubeflow/kubeflow/openshift
~/workspace/openshift/kubeflow/kubeflow/openshift
~/workspace/openshift/kubeflow/kubeflow/openshift/ks_app ~/workspace/openshift/kubeflow/kubeflow/openshift
customresourcedefinition.apiextensions.k8s.io/applications.app.k8s.io created
customresourcedefinition.apiextensions.k8s.io/compositecontrollers.metacontroller.k8s.io created
customresourcedefinition.apiextensions.k8s.io/controllerrevisions.metacontroller.k8s.io created
customresourcedefinition.apiextensions.k8s.io/decoratorcontrollers.metacontroller.k8s.io created
customresourcedefinition.apiextensions.k8s.io/notebooks.kubeflow.org created
customresourcedefinition.apiextensions.k8s.io/profiles.kubeflow.org created
customresourcedefinition.apiextensions.k8s.io/pytorchjobs.kubeflow.org created
customresourcedefinition.apiextensions.k8s.io/scheduledworkflows.kubeflow.org created
customresourcedefinition.apiextensions.k8s.io/studyjobs.kubeflow.org created
customresourcedefinition.apiextensions.k8s.io/tfjobs.kubeflow.org created
customresourcedefinition.apiextensions.k8s.io/viewers.kubeflow.org created
customresourcedefinition.apiextensions.k8s.io/workflows.argoproj.io created
clusterrole.rbac.authorization.k8s.io/centraldashboard created
clusterrole.rbac.authorization.k8s.io/jupyter-web-app-cluster-role created
clusterrole.rbac.authorization.k8s.io/katib-ui created
clusterrole.rbac.authorization.k8s.io/metrics-collector created
clusterrole.rbac.authorization.k8s.io/notebooks-controller created
clusterrole.rbac.authorization.k8s.io/studyjob-controller created
clusterrole.rbac.authorization.k8s.io/ambassador created
clusterrole.rbac.authorization.k8s.io/argo created
clusterrole.rbac.authorization.k8s.io/argo-ui created
clusterrole.rbac.authorization.k8s.io/ml-pipeline-persistenceagent created
clusterrole.rbac.authorization.k8s.io/ml-pipeline-viewer-controller-role created
clusterrole.rbac.authorization.k8s.io/pipeline-runner created
clusterrole.rbac.authorization.k8s.io/pytorch-operator created
clusterrole.rbac.authorization.k8s.io/spartakus created
clusterrole.rbac.authorization.k8s.io/tf-job-dashboard created
clusterrole.rbac.authorization.k8s.io/tf-job-operator created
clusterrole.rbac.authorization.k8s.io/vizier-core created
clusterrolebinding.rbac.authorization.k8s.io/centraldashboard created
clusterrolebinding.rbac.authorization.k8s.io/jupyter-web-app-binding created
clusterrolebinding.rbac.authorization.k8s.io/katib-ui created
clusterrolebinding.rbac.authorization.k8s.io/meta-controller-cluster-role-binding created
clusterrolebinding.rbac.authorization.k8s.io/metrics-collector created
clusterrolebinding.rbac.authorization.k8s.io/notebooks-controller created
clusterrolebinding.rbac.authorization.k8s.io/profile-controller-cluster-role-binding created
clusterrolebinding.rbac.authorization.k8s.io/studyjob-controller created
clusterrolebinding.rbac.authorization.k8s.io/ambassador created
clusterrolebinding.rbac.authorization.k8s.io/argo created
clusterrolebinding.rbac.authorization.k8s.io/argo-ui created
clusterrolebinding.rbac.authorization.k8s.io/ml-pipeline-persistenceagent created
clusterrolebinding.rbac.authorization.k8s.io/ml-pipeline-scheduledworkflow created
clusterrolebinding.rbac.authorization.k8s.io/ml-pipeline-viewer-crd-role-binding created
clusterrolebinding.rbac.authorization.k8s.io/pipeline-runner created
clusterrolebinding.rbac.authorization.k8s.io/pytorch-operator created
clusterrolebinding.rbac.authorization.k8s.io/spartakus created
clusterrolebinding.rbac.authorization.k8s.io/tf-job-dashboard created
clusterrolebinding.rbac.authorization.k8s.io/tf-job-operator created
clusterrolebinding.rbac.authorization.k8s.io/vizier-core created
compositecontroller.metacontroller.k8s.io/openshift-controller created
secret/mlpipeline-minio-artifact created
secret/vizier-db-secrets created
configmap/jupyter-config created
configmap/jupyter-web-app-config created
configmap/metricscollector-template created
configmap/openshift-controller-hooks created
configmap/pytorch-operator-config created
configmap/tf-job-operator-config created
configmap/worker-template created
configmap/workflow-controller-configmap created
persistentvolumeclaim/katib-mysql created
persistentvolumeclaim/minio-pvc created
persistentvolumeclaim/mysql-pv-claim created
serviceaccount/ambassador created
serviceaccount/argo created
serviceaccount/argo-ui created
serviceaccount/centraldashboard created
serviceaccount/jupyter created
serviceaccount/jupyter-notebook created
serviceaccount/jupyter-notebook unchanged
serviceaccount/jupyter-web-app created
serviceaccount/katib-ui created
serviceaccount/meta-controller-service created
serviceaccount/metrics-collector created
serviceaccount/ml-pipeline created
serviceaccount/ml-pipeline-persistenceagent created
serviceaccount/ml-pipeline-scheduledworkflow created
serviceaccount/ml-pipeline-ui created
serviceaccount/ml-pipeline-viewer-crd-service-account created
serviceaccount/notebook-controller created
serviceaccount/pipeline-runner created
serviceaccount/profiles created
serviceaccount/pytorch-operator created
serviceaccount/spartakus created
serviceaccount/studyjob-controller created
serviceaccount/tf-job-dashboard created
serviceaccount/tf-job-operator created
serviceaccount/vizier-core created
role.rbac.authorization.k8s.io/profiles created
role.rbac.authorization.k8s.io/centraldashboard created
role.rbac.authorization.k8s.io/jupyter-notebook-role created
role.rbac.authorization.k8s.io/jupyter-notebook-role unchanged
role.rbac.authorization.k8s.io/jupyter-role created
role.rbac.authorization.k8s.io/ml-pipeline created
role.rbac.authorization.k8s.io/ml-pipeline-scheduledworkflow created
role.rbac.authorization.k8s.io/ml-pipeline-ui created
rolebinding.rbac.authorization.k8s.io/profiles created
rolebinding.rbac.authorization.k8s.io/centraldashboard created
rolebinding.rbac.authorization.k8s.io/jupyter-notebook-role created
rolebinding.rbac.authorization.k8s.io/jupyter-notebook-role-binding created
rolebinding.rbac.authorization.k8s.io/jupyter-role created
rolebinding.rbac.authorization.k8s.io/ml-pipeline created
rolebinding.rbac.authorization.k8s.io/ml-pipeline-ui created
service/ambassador created
service/ambassador-admin created
service/argo-ui created
service/centraldashboard created
service/jupyter-0 created
service/jupyter-lb created
service/jupyter-web-app created
service/katib-ui created
service/minio-service created
service/ml-pipeline created
service/ml-pipeline-tensorboard-ui created
service/ml-pipeline-ui created
service/mysql created
service/notebooks-controller created
service/openshift-controller created
service/profiles created
service/studyjob-controller created
service/tf-job-dashboard created
service/vizier-core created
service/vizier-core-rest created
service/vizier-db created
service/vizier-suggestion-bayesianoptimization created
service/vizier-suggestion-grid created
service/vizier-suggestion-hyperband created
service/vizier-suggestion-random created
deployment.apps/jupyter-web-app created
deployment.apps/profiles created
deployment.apps/ambassador created
deployment.apps/minio created
deployment.apps/notebooks-controller created
deployment.apps/openshift-controller created
deployment.apps/ml-pipeline created
deployment.apps/ml-pipeline-persistenceagent created
deployment.apps/ml-pipeline-scheduledworkflow created
deployment.apps/ml-pipeline-ui created
deployment.apps/ml-pipeline-viewer-controller-deployment created
deployment.apps/mysql created
deployment.extensions/argo-ui created
deployment.extensions/centraldashboard created
deployment.extensions/katib-ui created
deployment.extensions/pytorch-operator created
deployment.extensions/spartakus-volunteer created
deployment.extensions/studyjob-controller created
deployment.extensions/tf-job-dashboard created
deployment.extensions/tf-job-operator created
deployment.extensions/vizier-core created
deployment.extensions/vizier-core-rest created
deployment.extensions/vizier-db created
deployment.extensions/vizier-suggestion-bayesianoptimization created
deployment.extensions/vizier-suggestion-grid created
deployment.extensions/vizier-suggestion-hyperband created
deployment.extensions/vizier-suggestion-random created
deployment.extensions/workflow-controller created
statefulset.apps/jupyter created
statefulset.apps/metacontroller created
application.app.k8s.io/openshift created
~/workspace/openshift/kubeflow/kubeflow/openshift
